============================================
''' This is the Start of Unit Testing... '''
============================================
''' TESTING WITH the following... '''

''' Does the same as test below, but gives more details '''
# python3 -m doctest -v ./tests/file_name.txt
# python3 -m doctest -v ./tests/file_name.txt | tail -2

======================================
''' Importing TEMPLATE function''''
======================================
>>> say_my_name = __import__('3-say_my_name').say_my_name

==============
SUCCESS CASES
==============


Category 1
==========

Test 1: Base Case
  ''' Expecting: SUCCESS '''
>>> say_my_name("John", "Smith")
My name is John Smith

Test 2: Only one argument
    ''' Expecting: SUCCESS '''
>>> say_my_name("John")
My name is John 

Test 3: Empty Strings
  ''' Expecting: SUCCESS '''
>>> say_my_name("")
My name is  

==========================
CASES THAT SHOULD NOT WORK
==========================

Category 2
==========

Test 1: An argument is an integer
  ''' Expecting: TypeError '''
>>> say_my_name(12, "White")
Traceback (most recent call last):
    ...
TypeError: first_name must be a string

Test 2: No argument
    ''' Expecting: TypeError '''
>>> say_my_name()
Traceback (most recent call last):
    ...
TypeError: say_my_name() missing 1 required positional argument: 'first_name'
